<?xml version="1.0" encoding="UTF-8"?>
<!-- Generated by org.testng.reporters.JUnitReportReporter -->
<testsuite hostname="IN2199617W2" failures="0" tests="1" name="cucumbertest.CucumberRunner" time="113.107" errors="0" timestamp="2023-01-19T10:58:26 IST" skipped="0">
  <testcase classname="cucumbertest.CucumberRunner" name="runScenario" time="113.107"/>
  <system-out/>
</testsuite> <!-- cucumbertest.CucumberRunner -->
